Determining if the pthread_create exist failed with the following output:
Change Dir: /home/vivek/project6_ws/build/CMakeFiles/CMakeTmp

Run Build Command:"/usr/bin/make" "cmTryCompileExec2288238282/fast"
/usr/bin/make -f CMakeFiles/cmTryCompileExec2288238282.dir/build.make CMakeFiles/cmTryCompileExec2288238282.dir/build
make[1]: Entering directory `/home/vivek/project6_ws/build/CMakeFiles/CMakeTmp'
/usr/bin/cmake -E cmake_progress_report /home/vivek/project6_ws/build/CMakeFiles/CMakeTmp/CMakeFiles 1
Building C object CMakeFiles/cmTryCompileExec2288238282.dir/CheckSymbolExists.c.o
/usr/bin/cc    -o CMakeFiles/cmTryCompileExec2288238282.dir/CheckSymbolExists.c.o   -c /home/vivek/project6_ws/build/CMakeFiles/CMakeTmp/CheckSymbolExists.c
Linking C executable cmTryCompileExec2288238282
/usr/bin/cmake -E cmake_link_script CMakeFiles/cmTryCompileExec2288238282.dir/link.txt --verbose=1
/usr/bin/cc       CMakeFiles/cmTryCompileExec2288238282.dir/CheckSymbolExists.c.o  -o cmTryCompileExec2288238282 -rdynamic 
CMakeFiles/cmTryCompileExec2288238282.dir/CheckSymbolExists.c.o: In function `main':
CheckSymbolExists.c:(.text+0x16): undefined reference to `pthread_create'
collect2: error: ld returned 1 exit status
make[1]: *** [cmTryCompileExec2288238282] Error 1
make[1]: Leaving directory `/home/vivek/project6_ws/build/CMakeFiles/CMakeTmp'
make: *** [cmTryCompileExec2288238282/fast] Error 2

File /home/vivek/project6_ws/build/CMakeFiles/CMakeTmp/CheckSymbolExists.c:
/* */
#include <pthread.h>

int main(int argc, char** argv)
{
  (void)argv;
#ifndef pthread_create
  return ((int*)(&pthread_create))[argc];
#else
  (void)argc;
  return 0;
#endif
}

Determining if the function pthread_create exists in the pthreads failed with the following output:
Change Dir: /home/vivek/project6_ws/build/CMakeFiles/CMakeTmp

Run Build Command:"/usr/bin/make" "cmTryCompileExec47186543/fast"
/usr/bin/make -f CMakeFiles/cmTryCompileExec47186543.dir/build.make CMakeFiles/cmTryCompileExec47186543.dir/build
make[1]: Entering directory `/home/vivek/project6_ws/build/CMakeFiles/CMakeTmp'
/usr/bin/cmake -E cmake_progress_report /home/vivek/project6_ws/build/CMakeFiles/CMakeTmp/CMakeFiles 1
Building C object CMakeFiles/cmTryCompileExec47186543.dir/CheckFunctionExists.c.o
/usr/bin/cc   -DCHECK_FUNCTION_EXISTS=pthread_create   -o CMakeFiles/cmTryCompileExec47186543.dir/CheckFunctionExists.c.o   -c /usr/share/cmake-3.2/Modules/CheckFunctionExists.c
Linking C executable cmTryCompileExec47186543
/usr/bin/cmake -E cmake_link_script CMakeFiles/cmTryCompileExec47186543.dir/link.txt --verbose=1
/usr/bin/cc   -DCHECK_FUNCTION_EXISTS=pthread_create    CMakeFiles/cmTryCompileExec47186543.dir/CheckFunctionExists.c.o  -o cmTryCompileExec47186543 -rdynamic -lpthreads 
/usr/bin/ld: cannot find -lpthreads
collect2: error: ld returned 1 exit status
make[1]: *** [cmTryCompileExec47186543] Error 1
make[1]: Leaving directory `/home/vivek/project6_ws/build/CMakeFiles/CMakeTmp'
make: *** [cmTryCompileExec47186543/fast] Error 2


